info it worked if it ends with ok
verbose cli [ '/usr/bin/nodejs', '/usr/bin/npm', 'install', '-g', 'meteorite' ]
info using npm@1.1.4
info using node@v0.6.19
verbose config file /home/ubuntu/.npmrc
verbose config file /usr/etc/npmrc
verbose config file /usr/share/npm/npmrc
silly exec /usr/bin/nodejs "/usr/share/npm/bin/npm-get-uid-gid.js" "nobody" 1000
silly spawning [ '/usr/bin/nodejs',
silly spawning   [ '/usr/share/npm/bin/npm-get-uid-gid.js', 'nobody', 1000 ],
silly spawning   null ]
silly output from getuid/gid {"uid":65534,"gid":1000}
silly output from getuid/gid 
verbose cache add [ 'meteorite', null ]
silly cache add: name, spec, args [ undefined, 'meteorite', [ 'meteorite', null ] ]
verbose parsed url { pathname: 'meteorite', path: 'meteorite', href: 'meteorite' }
verbose addNamed [ 'meteorite', '' ]
verbose addNamed [ null, '' ]
silly name, range, hasData [ 'meteorite', '', false ]
verbose raw, before any munging meteorite
verbose url resolving [ 'https://registry.npmjs.org/', './meteorite' ]
verbose url resolved https://registry.npmjs.org/meteorite
verbose etag "BDDFO4KM58L838A6IXV4C5LD6"
http GET https://registry.npmjs.org/meteorite
http 304 https://registry.npmjs.org/meteorite
silly get cb [ 304,
silly get cb   { server: 'CouchDB/1.3.1 (Erlang OTP/R15B03)',
silly get cb     etag: '"BDDFO4KM58L838A6IXV4C5LD6"',
silly get cb     date: 'Thu, 19 Dec 2013 02:10:48 GMT',
silly get cb     'content-length': '0' } ]
verbose etag meteorite from cache
silly name, range, hasData 2 [ 'meteorite', '', true ]
silly versions [ 'meteorite',
silly versions   [ '0.0.1',
silly versions     '0.0.2',
silly versions     '0.0.3',
silly versions     '0.0.4',
silly versions     '0.0.5',
silly versions     '0.0.6',
silly versions     '0.0.7',
silly versions     '0.0.8',
silly versions     '0.0.9',
silly versions     '0.0.10',
silly versions     '0.0.11',
silly versions     '0.0.12',
silly versions     '0.0.13',
silly versions     '0.0.14',
silly versions     '0.0.15',
silly versions     '0.0.16',
silly versions     '0.0.17',
silly versions     '0.0.18',
silly versions     '0.0.19',
silly versions     '0.1.0',
silly versions     '0.1.1',
silly versions     '0.2.0',
silly versions     '0.2.1',
silly versions     '0.2.2',
silly versions     '0.3.0',
silly versions     '0.3.1',
silly versions     '0.3.3',
silly versions     '0.4.0',
silly versions     '0.4.1',
silly versions     '0.4.2',
silly versions     '0.4.3',
silly versions     '0.4.4',
silly versions     '0.4.5',
silly versions     '0.4.6',
silly versions     '0.4.7',
silly versions     '0.4.8',
silly versions     '0.4.9',
silly versions     '0.5.0',
silly versions     '0.5.1',
silly versions     '0.6.0',
silly versions     '0.6.1',
silly versions     '0.6.2',
silly versions     '0.6.3',
silly versions     '0.6.4',
silly versions     '0.6.5',
silly versions     '0.6.6',
silly versions     '0.6.7',
silly versions     '0.6.8',
silly versions     '0.6.9',
silly versions     '0.6.10',
silly versions     '0.6.11',
silly versions     '0.6.12',
silly versions     '0.6.13',
silly versions     '0.6.14',
silly versions     '0.6.15',
silly versions     '0.6.16' ] ]
verbose bin dist [ '0.6-ares1.9.1-evundefined-openssl1.0.1c-v83.8.9.20-linux-x64-3.8.0-35-generic',
verbose bin dist   { shasum: '8a1d85d9900d5ba3214f3479adb024b3b3b7f11d',
verbose bin dist     tarball: 'http://registry.npmjs.org/meteorite/-/meteorite-0.6.16.tgz' } ]
verbose caching /home/ubuntu/.npm/meteorite/0.6.16/package/package.json
verbose loadDefaults meteorite@0.6.16
silly resolved [ { name: 'meteorite',
silly resolved     version: '0.6.16',
silly resolved     homepage: 'http://oortcloud.github.com/meteorite',
silly resolved     engines: [ 'node >=0.8.0', node: ' >=0.8.0' ],
silly resolved     description: 'Installer & smart package manager for Meteor',
silly resolved     author: 
silly resolved      { name: 'Tom Coleman',
silly resolved        email: 'tom@percolatestudio.com',
silly resolved        url: 'http://percolatestudio.com' },
silly resolved     dependencies: 
silly resolved      { ddp: '>=0.3.1',
silly resolved        underscore: '>=1.3.3',
silly resolved        wrench: '>=1.3.9',
silly resolved        fstream: '>=0.1.18',
silly resolved        optimist: '>=0.3.4',
silly resolved        prompt: '0.2.11',
silly resolved        colors: '0.6.0-1' },
silly resolved     devDependencies: { mocha: '>=1.2.2', connect: '>=2.3.6' },
silly resolved     scripts: 
silly resolved      { test: 'mocha spec/unit spec/acceptance -t 240000 -R spec',
silly resolved        flushcache: 'rm -rf spec/support/cache',
silly resolved        postinstall: 'sh ./completions/postinstall.sh' },
silly resolved     repository: { type: 'git', url: 'git://github.com/oortcloud/meteorite.git' },
silly resolved     bin: { mrt: './bin/mrt.js' },
silly resolved     _id: 'meteorite@0.6.16',
silly resolved     optionalDependencies: {},
silly resolved     _engineSupported: false,
silly resolved     _npmVersion: '1.1.4',
silly resolved     _nodeVersion: 'v0.6.19',
silly resolved     _defaultsLoaded: true,
silly resolved     _from: 'meteorite' } ]
info into /usr/local/lib meteorite@0.6.16
info installOne meteorite@0.6.16
verbose installOne cb meteorite@0.6.16
ERR! Unsupported
ERR! Not compatible with your version of node/npm: meteorite@0.6.16
ERR! Required: ["node >=0.8.0"]
ERR! Actual:   {"npm":"1.1.4","node":"0.6.19"}
ERR! 
ERR! System Linux 3.8.0-35-generic
ERR! command "/usr/bin/nodejs" "/usr/bin/npm" "install" "-g" "meteorite"
ERR! cwd /home/ubuntu/Documents/Worspace/meteor/scool
ERR! node -v v0.6.19
ERR! npm -v 1.1.4
ERR! code ENOTSUP
ERR! message Unsupported
ERR! errno {}
verbose exit [ 1, true ]
